22-Sep-2023 17:18:13.861 信息 [main] org.apache.catalina.startup.VersionLoggerListener.log Server version:        Apache Tomcat/8.5.20
22-Sep-2023 17:18:13.865 信息 [main] org.apache.catalina.startup.VersionLoggerListener.log Server built:          Aug 2 2017 21:35:49 UTC
22-Sep-2023 17:18:13.865 信息 [main] org.apache.catalina.startup.VersionLoggerListener.log Server number:         8.5.20.0
22-Sep-2023 17:18:13.865 信息 [main] org.apache.catalina.startup.VersionLoggerListener.log OS Name:               Windows 11
22-Sep-2023 17:18:13.865 信息 [main] org.apache.catalina.startup.VersionLoggerListener.log OS Version:            10.0
22-Sep-2023 17:18:13.865 信息 [main] org.apache.catalina.startup.VersionLoggerListener.log Architecture:          amd64
22-Sep-2023 17:18:13.865 信息 [main] org.apache.catalina.startup.VersionLoggerListener.log Java Home:             C:\Program Files\Java\jdk1.8.0_351\jre
22-Sep-2023 17:18:13.865 信息 [main] org.apache.catalina.startup.VersionLoggerListener.log JVM Version:           1.8.0_351-b10
22-Sep-2023 17:18:13.865 信息 [main] org.apache.catalina.startup.VersionLoggerListener.log JVM Vendor:            Oracle Corporation
22-Sep-2023 17:18:13.865 信息 [main] org.apache.catalina.startup.VersionLoggerListener.log CATALINA_BASE:         C:\Program Files\JetBrains\apache-tomcat-8.5.20\untitled\src\main\webapp
22-Sep-2023 17:18:13.866 信息 [main] org.apache.catalina.startup.VersionLoggerListener.log CATALINA_HOME:         C:\Program Files\JetBrains\apache-tomcat-8.5.20
22-Sep-2023 17:18:13.866 信息 [main] org.apache.catalina.startup.VersionLoggerListener.log Command line argument: -Dcatalina.home=C:\Program Files\JetBrains\apache-tomcat-8.5.20
22-Sep-2023 17:18:13.866 信息 [main] org.apache.catalina.startup.VersionLoggerListener.log Command line argument: -Dcatalina.base=C:\Program Files\JetBrains\apache-tomcat-8.5.20\untitled\src\main\webapp
22-Sep-2023 17:18:13.866 信息 [main] org.apache.catalina.startup.VersionLoggerListener.log Command line argument: -Djava.io.tmpdir=C:\Program Files\JetBrains\apache-tomcat-8.5.20\untitled\src\main\webapp\temp
22-Sep-2023 17:18:13.866 信息 [main] org.apache.catalina.startup.VersionLoggerListener.log Command line argument: -Djava.util.logging.config.file=C:\Program Files\JetBrains\apache-tomcat-8.5.20\untitled\src\main\webapp\conf\logging.properties
22-Sep-2023 17:18:13.866 信息 [main] org.apache.catalina.startup.VersionLoggerListener.log Command line argument: -Djava.util.logging.manager=org.apache.juli.ClassLoaderLogManager
22-Sep-2023 17:18:13.866 信息 [main] org.apache.catalina.startup.VersionLoggerListener.log Command line argument: -javaagent:C:\Program Files\JetBrains\IntelliJ IDEA 2023.2.2\lib\idea_rt.jar=4161:C:\Program Files\JetBrains\IntelliJ IDEA 2023.2.2\bin
22-Sep-2023 17:18:13.866 信息 [main] org.apache.catalina.startup.VersionLoggerListener.log Command line argument: -Dfile.encoding=UTF-8
22-Sep-2023 17:18:13.867 信息 [main] org.apache.catalina.core.AprLifecycleListener.lifecycleEvent The APR based Apache Tomcat Native library which allows optimal performance in production environments was not found on the java.library.path: [C:\Program Files\Java\jdk1.8.0_351\bin;C:\WINDOWS\Sun\Java\bin;C:\WINDOWS\system32;C:\WINDOWS;C:\Program Files\Java\jdk-10.0.2\bin\;C:\Program Files\MySQL\MySQL Shell 8.0\bin\;C:\Users\86156\AppData\Local\Microsoft\WindowsApps;;D:\JetBrains\IntelliJ IDEA 2023.2.2\bin;;.]
22-Sep-2023 17:18:14.073 信息 [main] org.apache.coyote.AbstractProtocol.init Initializing ProtocolHandler ["http-nio-8080"]
22-Sep-2023 17:18:14.714 信息 [main] org.apache.tomcat.util.net.NioSelectorPool.getSharedSelector Using a shared selector for servlet write/read
22-Sep-2023 17:18:14.720 信息 [main] org.apache.coyote.AbstractProtocol.init Initializing ProtocolHandler ["ajp-nio-8009"]
22-Sep-2023 17:18:14.727 信息 [main] org.apache.tomcat.util.net.NioSelectorPool.getSharedSelector Using a shared selector for servlet write/read
22-Sep-2023 17:18:14.727 信息 [main] org.apache.catalina.startup.Catalina.load Initialization processed in 1316 ms
22-Sep-2023 17:18:14.830 信息 [main] org.apache.catalina.core.StandardService.startInternal Starting service [Catalina]
22-Sep-2023 17:18:14.831 信息 [main] org.apache.catalina.core.StandardEngine.startInternal Starting Servlet Engine: Apache Tomcat/8.5.20
22-Sep-2023 17:18:14.845 信息 [localhost-startStop-1] org.apache.catalina.startup.HostConfig.deployDescriptor Deploying configuration descriptor [C:\Program Files\JetBrains\apache-tomcat-8.5.20\untitled\src\main\webapp\conf\Catalina\localhost\untitied.xml]
22-Sep-2023 17:18:16.311 警告 [localhost-startStop-1] org.apache.tomcat.dbcp.dbcp2.BasicDataSourceFactory.getObjectInstance Name = mydb Property maxActive is not used in DBCP2, use maxTotal instead. maxTotal default value is 8. You have set value of "30" for "maxActive" property, which is being ignored.
22-Sep-2023 17:18:16.311 警告 [localhost-startStop-1] org.apache.tomcat.dbcp.dbcp2.BasicDataSourceFactory.getObjectInstance Name = mydb Property maxWait is not used in DBCP2 , use maxWaitMillis instead. maxWaitMillis default value is -1. You have set value of "10000" for "maxWait" property, which is being ignored.
22-Sep-2023 17:18:16.454 信息 [localhost-startStop-1] org.apache.jasper.servlet.TldScanner.scanJars At least one JAR was scanned for TLDs yet contained no TLDs. Enable debug logging for this logger for a complete list of JARs that were scanned but no TLDs were found in them. Skipping unneeded JARs during scanning can improve startup time and JSP compilation time.
22-Sep-2023 17:18:16.510 信息 [localhost-startStop-1] org.apache.catalina.startup.HostConfig.deployDescriptor Deployment of configuration descriptor [C:\Program Files\JetBrains\apache-tomcat-8.5.20\untitled\src\main\webapp\conf\Catalina\localhost\untitied.xml] has finished in [1,664] ms
22-Sep-2023 17:18:16.512 信息 [main] org.apache.coyote.AbstractProtocol.start Starting ProtocolHandler ["http-nio-8080"]
22-Sep-2023 17:18:16.524 信息 [main] org.apache.coyote.AbstractProtocol.start Starting ProtocolHandler ["ajp-nio-8009"]
22-Sep-2023 17:18:16.526 信息 [main] org.apache.catalina.startup.Catalina.start Server startup in 1799 ms
22-Sep-2023 17:25:33.675 信息 [Thread-5] org.apache.coyote.AbstractProtocol.pause Pausing ProtocolHandler ["http-nio-8080"]
22-Sep-2023 17:25:34.113 信息 [Thread-5] org.apache.coyote.AbstractProtocol.pause Pausing ProtocolHandler ["ajp-nio-8009"]
22-Sep-2023 17:25:34.567 信息 [Thread-5] org.apache.catalina.core.StandardService.stopInternal Stopping service [Catalina]
22-Sep-2023 17:25:34.598 信息 [Thread-5] org.apache.coyote.AbstractProtocol.stop Stopping ProtocolHandler ["http-nio-8080"]
22-Sep-2023 17:25:34.601 信息 [Thread-5] org.apache.coyote.AbstractProtocol.stop Stopping ProtocolHandler ["ajp-nio-8009"]
22-Sep-2023 17:25:34.602 信息 [Thread-5] org.apache.coyote.AbstractProtocol.destroy Destroying ProtocolHandler ["http-nio-8080"]
22-Sep-2023 17:25:34.603 信息 [Thread-5] org.apache.coyote.AbstractProtocol.destroy Destroying ProtocolHandler ["ajp-nio-8009"]
