11-Oct-2023 23:08:47.734 信息 [main] org.apache.catalina.startup.VersionLoggerListener.log Server version:        Apache Tomcat/8.5.20
11-Oct-2023 23:08:47.736 信息 [main] org.apache.catalina.startup.VersionLoggerListener.log Server built:          Aug 2 2017 21:35:49 UTC
11-Oct-2023 23:08:47.737 信息 [main] org.apache.catalina.startup.VersionLoggerListener.log Server number:         8.5.20.0
11-Oct-2023 23:08:47.737 信息 [main] org.apache.catalina.startup.VersionLoggerListener.log OS Name:               Windows 11
11-Oct-2023 23:08:47.737 信息 [main] org.apache.catalina.startup.VersionLoggerListener.log OS Version:            10.0
11-Oct-2023 23:08:47.737 信息 [main] org.apache.catalina.startup.VersionLoggerListener.log Architecture:          amd64
11-Oct-2023 23:08:47.737 信息 [main] org.apache.catalina.startup.VersionLoggerListener.log Java Home:             C:\Program Files\Java\jdk1.8.0_351\jre
11-Oct-2023 23:08:47.737 信息 [main] org.apache.catalina.startup.VersionLoggerListener.log JVM Version:           1.8.0_351-b10
11-Oct-2023 23:08:47.737 信息 [main] org.apache.catalina.startup.VersionLoggerListener.log JVM Vendor:            Oracle Corporation
11-Oct-2023 23:08:47.737 信息 [main] org.apache.catalina.startup.VersionLoggerListener.log CATALINA_BASE:         C:\Program Files\JetBrains\apache-tomcat-8.5.20\untitled\src\main\webapp
11-Oct-2023 23:08:47.737 信息 [main] org.apache.catalina.startup.VersionLoggerListener.log CATALINA_HOME:         C:\Program Files\JetBrains\apache-tomcat-8.5.20
11-Oct-2023 23:08:47.737 信息 [main] org.apache.catalina.startup.VersionLoggerListener.log Command line argument: -Dcatalina.home=C:\Program Files\JetBrains\apache-tomcat-8.5.20
11-Oct-2023 23:08:47.737 信息 [main] org.apache.catalina.startup.VersionLoggerListener.log Command line argument: -Dcatalina.base=C:\Program Files\JetBrains\apache-tomcat-8.5.20\untitled\src\main\webapp
11-Oct-2023 23:08:47.737 信息 [main] org.apache.catalina.startup.VersionLoggerListener.log Command line argument: -Djava.io.tmpdir=C:\Program Files\JetBrains\apache-tomcat-8.5.20\untitled\src\main\webapp\temp
11-Oct-2023 23:08:47.738 信息 [main] org.apache.catalina.startup.VersionLoggerListener.log Command line argument: -Djava.util.logging.config.file=C:\Program Files\JetBrains\apache-tomcat-8.5.20\untitled\src\main\webapp\conf\logging.properties
11-Oct-2023 23:08:47.738 信息 [main] org.apache.catalina.startup.VersionLoggerListener.log Command line argument: -Djava.util.logging.manager=org.apache.juli.ClassLoaderLogManager
11-Oct-2023 23:08:47.738 信息 [main] org.apache.catalina.startup.VersionLoggerListener.log Command line argument: -javaagent:C:\Program Files\JetBrains\IntelliJ IDEA 2023.2.2\lib\idea_rt.jar=56603:C:\Program Files\JetBrains\IntelliJ IDEA 2023.2.2\bin
11-Oct-2023 23:08:47.738 信息 [main] org.apache.catalina.startup.VersionLoggerListener.log Command line argument: -Dfile.encoding=UTF-8
11-Oct-2023 23:08:47.738 信息 [main] org.apache.catalina.core.AprLifecycleListener.lifecycleEvent The APR based Apache Tomcat Native library which allows optimal performance in production environments was not found on the java.library.path: [C:\Program Files\Java\jdk1.8.0_351\bin;C:\WINDOWS\Sun\Java\bin;C:\WINDOWS\system32;C:\WINDOWS;C:\Program Files\Java\jdk-10.0.2\bin\;C:\Program Files\MySQL\MySQL Shell 8.0\bin\;C:\Users\86156\AppData\Local\Microsoft\WindowsApps;;C:\Program Files\JetBrains\IntelliJ IDEA 2023.2.2\bin;;.]
11-Oct-2023 23:08:47.873 信息 [main] org.apache.coyote.AbstractProtocol.init Initializing ProtocolHandler ["http-nio-8080"]
11-Oct-2023 23:08:48.289 信息 [main] org.apache.tomcat.util.net.NioSelectorPool.getSharedSelector Using a shared selector for servlet write/read
11-Oct-2023 23:08:48.293 信息 [main] org.apache.coyote.AbstractProtocol.init Initializing ProtocolHandler ["ajp-nio-8009"]
11-Oct-2023 23:08:48.297 信息 [main] org.apache.tomcat.util.net.NioSelectorPool.getSharedSelector Using a shared selector for servlet write/read
11-Oct-2023 23:08:48.298 信息 [main] org.apache.catalina.startup.Catalina.load Initialization processed in 837 ms
11-Oct-2023 23:08:48.439 信息 [main] org.apache.catalina.core.StandardService.startInternal Starting service [Catalina]
11-Oct-2023 23:08:48.439 信息 [main] org.apache.catalina.core.StandardEngine.startInternal Starting Servlet Engine: Apache Tomcat/8.5.20
11-Oct-2023 23:08:48.451 信息 [localhost-startStop-1] org.apache.catalina.startup.HostConfig.deployDescriptor Deploying configuration descriptor [C:\Program Files\JetBrains\apache-tomcat-8.5.20\untitled\src\main\webapp\conf\Catalina\localhost\untitied.xml]
11-Oct-2023 23:08:49.944 警告 [localhost-startStop-1] org.apache.tomcat.dbcp.dbcp2.BasicDataSourceFactory.getObjectInstance Name = mydb Property maxActive is not used in DBCP2, use maxTotal instead. maxTotal default value is 8. You have set value of "30" for "maxActive" property, which is being ignored.
11-Oct-2023 23:08:49.944 警告 [localhost-startStop-1] org.apache.tomcat.dbcp.dbcp2.BasicDataSourceFactory.getObjectInstance Name = mydb Property maxWait is not used in DBCP2 , use maxWaitMillis instead. maxWaitMillis default value is -1. You have set value of "10000" for "maxWait" property, which is being ignored.
11-Oct-2023 23:08:50.051 信息 [localhost-startStop-1] org.apache.jasper.servlet.TldScanner.scanJars At least one JAR was scanned for TLDs yet contained no TLDs. Enable debug logging for this logger for a complete list of JARs that were scanned but no TLDs were found in them. Skipping unneeded JARs during scanning can improve startup time and JSP compilation time.
11-Oct-2023 23:08:50.107 信息 [localhost-startStop-1] org.apache.catalina.startup.HostConfig.deployDescriptor Deployment of configuration descriptor [C:\Program Files\JetBrains\apache-tomcat-8.5.20\untitled\src\main\webapp\conf\Catalina\localhost\untitied.xml] has finished in [1,655] ms
11-Oct-2023 23:08:50.108 信息 [main] org.apache.coyote.AbstractProtocol.start Starting ProtocolHandler ["http-nio-8080"]
11-Oct-2023 23:08:50.117 信息 [main] org.apache.coyote.AbstractProtocol.start Starting ProtocolHandler ["ajp-nio-8009"]
11-Oct-2023 23:08:50.119 信息 [main] org.apache.catalina.startup.Catalina.start Server startup in 1820 ms
11-Oct-2023 23:13:28.724 信息 [Thread-5] org.apache.coyote.AbstractProtocol.pause Pausing ProtocolHandler ["http-nio-8080"]
11-Oct-2023 23:13:29.170 信息 [Thread-5] org.apache.coyote.AbstractProtocol.pause Pausing ProtocolHandler ["ajp-nio-8009"]
11-Oct-2023 23:13:29.605 信息 [Thread-5] org.apache.catalina.core.StandardService.stopInternal Stopping service [Catalina]
11-Oct-2023 23:13:29.624 信息 [Thread-5] org.apache.coyote.AbstractProtocol.stop Stopping ProtocolHandler ["http-nio-8080"]
11-Oct-2023 23:13:29.626 信息 [Thread-5] org.apache.coyote.AbstractProtocol.stop Stopping ProtocolHandler ["ajp-nio-8009"]
11-Oct-2023 23:13:29.628 信息 [Thread-5] org.apache.coyote.AbstractProtocol.destroy Destroying ProtocolHandler ["http-nio-8080"]
11-Oct-2023 23:13:29.629 信息 [Thread-5] org.apache.coyote.AbstractProtocol.destroy Destroying ProtocolHandler ["ajp-nio-8009"]
11-Oct-2023 23:13:33.270 信息 [main] org.apache.catalina.startup.VersionLoggerListener.log Server version:        Apache Tomcat/8.5.20
11-Oct-2023 23:13:33.274 信息 [main] org.apache.catalina.startup.VersionLoggerListener.log Server built:          Aug 2 2017 21:35:49 UTC
11-Oct-2023 23:13:33.274 信息 [main] org.apache.catalina.startup.VersionLoggerListener.log Server number:         8.5.20.0
11-Oct-2023 23:13:33.274 信息 [main] org.apache.catalina.startup.VersionLoggerListener.log OS Name:               Windows 11
11-Oct-2023 23:13:33.274 信息 [main] org.apache.catalina.startup.VersionLoggerListener.log OS Version:            10.0
11-Oct-2023 23:13:33.275 信息 [main] org.apache.catalina.startup.VersionLoggerListener.log Architecture:          amd64
11-Oct-2023 23:13:33.275 信息 [main] org.apache.catalina.startup.VersionLoggerListener.log Java Home:             C:\Program Files\Java\jdk1.8.0_351\jre
11-Oct-2023 23:13:33.275 信息 [main] org.apache.catalina.startup.VersionLoggerListener.log JVM Version:           1.8.0_351-b10
11-Oct-2023 23:13:33.275 信息 [main] org.apache.catalina.startup.VersionLoggerListener.log JVM Vendor:            Oracle Corporation
11-Oct-2023 23:13:33.275 信息 [main] org.apache.catalina.startup.VersionLoggerListener.log CATALINA_BASE:         C:\Program Files\JetBrains\apache-tomcat-8.5.20\untitled\src\main\webapp
11-Oct-2023 23:13:33.275 信息 [main] org.apache.catalina.startup.VersionLoggerListener.log CATALINA_HOME:         C:\Program Files\JetBrains\apache-tomcat-8.5.20
11-Oct-2023 23:13:33.275 信息 [main] org.apache.catalina.startup.VersionLoggerListener.log Command line argument: -Dcatalina.home=C:\Program Files\JetBrains\apache-tomcat-8.5.20
11-Oct-2023 23:13:33.275 信息 [main] org.apache.catalina.startup.VersionLoggerListener.log Command line argument: -Dcatalina.base=C:\Program Files\JetBrains\apache-tomcat-8.5.20\untitled\src\main\webapp
11-Oct-2023 23:13:33.275 信息 [main] org.apache.catalina.startup.VersionLoggerListener.log Command line argument: -Djava.io.tmpdir=C:\Program Files\JetBrains\apache-tomcat-8.5.20\untitled\src\main\webapp\temp
11-Oct-2023 23:13:33.275 信息 [main] org.apache.catalina.startup.VersionLoggerListener.log Command line argument: -Djava.util.logging.config.file=C:\Program Files\JetBrains\apache-tomcat-8.5.20\untitled\src\main\webapp\conf\logging.properties
11-Oct-2023 23:13:33.275 信息 [main] org.apache.catalina.startup.VersionLoggerListener.log Command line argument: -Djava.util.logging.manager=org.apache.juli.ClassLoaderLogManager
11-Oct-2023 23:13:33.275 信息 [main] org.apache.catalina.startup.VersionLoggerListener.log Command line argument: -javaagent:C:\Program Files\JetBrains\IntelliJ IDEA 2023.2.2\lib\idea_rt.jar=4067:C:\Program Files\JetBrains\IntelliJ IDEA 2023.2.2\bin
11-Oct-2023 23:13:33.277 信息 [main] org.apache.catalina.startup.VersionLoggerListener.log Command line argument: -Dfile.encoding=UTF-8
11-Oct-2023 23:13:33.277 信息 [main] org.apache.catalina.core.AprLifecycleListener.lifecycleEvent The APR based Apache Tomcat Native library which allows optimal performance in production environments was not found on the java.library.path: [C:\Program Files\Java\jdk1.8.0_351\bin;C:\WINDOWS\Sun\Java\bin;C:\WINDOWS\system32;C:\WINDOWS;C:\Program Files\Java\jdk-10.0.2\bin\;C:\Program Files\MySQL\MySQL Shell 8.0\bin\;C:\Users\86156\AppData\Local\Microsoft\WindowsApps;;C:\Program Files\JetBrains\IntelliJ IDEA 2023.2.2\bin;;.]
11-Oct-2023 23:13:33.437 信息 [main] org.apache.coyote.AbstractProtocol.init Initializing ProtocolHandler ["http-nio-8080"]
11-Oct-2023 23:13:33.924 信息 [main] org.apache.tomcat.util.net.NioSelectorPool.getSharedSelector Using a shared selector for servlet write/read
11-Oct-2023 23:13:33.926 信息 [main] org.apache.coyote.AbstractProtocol.init Initializing ProtocolHandler ["ajp-nio-8009"]
11-Oct-2023 23:13:33.930 信息 [main] org.apache.tomcat.util.net.NioSelectorPool.getSharedSelector Using a shared selector for servlet write/read
11-Oct-2023 23:13:33.930 信息 [main] org.apache.catalina.startup.Catalina.load Initialization processed in 1015 ms
11-Oct-2023 23:13:34.037 信息 [main] org.apache.catalina.core.StandardService.startInternal Starting service [Catalina]
11-Oct-2023 23:13:34.037 信息 [main] org.apache.catalina.core.StandardEngine.startInternal Starting Servlet Engine: Apache Tomcat/8.5.20
11-Oct-2023 23:13:34.045 信息 [localhost-startStop-1] org.apache.catalina.startup.HostConfig.deployDescriptor Deploying configuration descriptor [C:\Program Files\JetBrains\apache-tomcat-8.5.20\untitled\src\main\webapp\conf\Catalina\localhost\untitied.xml]
11-Oct-2023 23:13:35.336 警告 [localhost-startStop-1] org.apache.tomcat.dbcp.dbcp2.BasicDataSourceFactory.getObjectInstance Name = mydb Property maxActive is not used in DBCP2, use maxTotal instead. maxTotal default value is 8. You have set value of "30" for "maxActive" property, which is being ignored.
11-Oct-2023 23:13:35.336 警告 [localhost-startStop-1] org.apache.tomcat.dbcp.dbcp2.BasicDataSourceFactory.getObjectInstance Name = mydb Property maxWait is not used in DBCP2 , use maxWaitMillis instead. maxWaitMillis default value is -1. You have set value of "10000" for "maxWait" property, which is being ignored.
11-Oct-2023 23:13:35.439 信息 [localhost-startStop-1] org.apache.jasper.servlet.TldScanner.scanJars At least one JAR was scanned for TLDs yet contained no TLDs. Enable debug logging for this logger for a complete list of JARs that were scanned but no TLDs were found in them. Skipping unneeded JARs during scanning can improve startup time and JSP compilation time.
11-Oct-2023 23:13:35.484 信息 [localhost-startStop-1] org.apache.catalina.startup.HostConfig.deployDescriptor Deployment of configuration descriptor [C:\Program Files\JetBrains\apache-tomcat-8.5.20\untitled\src\main\webapp\conf\Catalina\localhost\untitied.xml] has finished in [1,439] ms
11-Oct-2023 23:13:35.486 信息 [main] org.apache.coyote.AbstractProtocol.start Starting ProtocolHandler ["http-nio-8080"]
11-Oct-2023 23:13:35.495 信息 [main] org.apache.coyote.AbstractProtocol.start Starting ProtocolHandler ["ajp-nio-8009"]
11-Oct-2023 23:13:35.497 信息 [main] org.apache.catalina.startup.Catalina.start Server startup in 1566 ms
11-Oct-2023 23:15:34.191 信息 [Thread-5] org.apache.coyote.AbstractProtocol.pause Pausing ProtocolHandler ["http-nio-8080"]
11-Oct-2023 23:15:35.192 信息 [Thread-5] org.apache.coyote.AbstractProtocol.pause Pausing ProtocolHandler ["ajp-nio-8009"]
11-Oct-2023 23:15:36.246 信息 [Thread-5] org.apache.catalina.core.StandardService.stopInternal Stopping service [Catalina]
11-Oct-2023 23:15:36.292 信息 [Thread-5] org.apache.coyote.AbstractProtocol.stop Stopping ProtocolHandler ["http-nio-8080"]
11-Oct-2023 23:15:36.294 信息 [Thread-5] org.apache.coyote.AbstractProtocol.stop Stopping ProtocolHandler ["ajp-nio-8009"]
11-Oct-2023 23:15:36.295 信息 [Thread-5] org.apache.coyote.AbstractProtocol.destroy Destroying ProtocolHandler ["http-nio-8080"]
11-Oct-2023 23:15:36.296 信息 [Thread-5] org.apache.coyote.AbstractProtocol.destroy Destroying ProtocolHandler ["ajp-nio-8009"]
